<?xml version="1.0" encoding="UTF-8"?>
<!-- Generated by org.testng.reporters.JUnitReportReporter -->
<testsuite skipped="0" hostname="DESKTOP-2TMQMFN" name="testcases.ExcuteTest" tests="6" failures="0" timestamp="02 Jan 2019 15:06:57 GMT" time="17.397" errors="0">
  <testcase name="launchFlightReservationApplication" time="4.181" classname="testcases.ExcuteTest"/>
  <testcase name="verifyWebTable" time="1.082" classname="testcases.ExcuteTest"/>
  <testcase name="reserveAFlight" time="3.182" classname="testcases.ExcuteTest"/>
  <testcase name="bookATicket" time="1.933" classname="testcases.ExcuteTest"/>
  <testcase name="login" time="6.503" classname="testcases.ExcuteTest"/>
  <testcase name="verifyLinks" time="0.516" classname="testcases.ExcuteTest"/>
</testsuite> <!-- testcases.ExcuteTest -->
