<?xml version="1.0" encoding="UTF-8"?>
<!-- Generated by org.testng.reporters.JUnitReportReporter -->
<testsuite skipped="0" hostname="DESKTOP-2TMQMFN" name="testcases.ExcuteTest" tests="6" failures="0" timestamp="20 Jan 2019 05:41:33 GMT" time="16.376" errors="0">
  <testcase name="verifyLinks" time="0.520" classname="testcases.ExcuteTest"/>
  <testcase name="launchFlightReservationApplication" time="4.443" classname="testcases.ExcuteTest"/>
  <testcase name="reserveAFlight" time="2.872" classname="testcases.ExcuteTest"/>
  <testcase name="verifyWebTable" time="0.979" classname="testcases.ExcuteTest"/>
  <testcase name="login" time="5.813" classname="testcases.ExcuteTest"/>
  <testcase name="bookATicket" time="1.749" classname="testcases.ExcuteTest"/>
</testsuite> <!-- testcases.ExcuteTest -->
