<?xml version="1.0" encoding="UTF-8"?>
<!-- Generated by org.testng.reporters.JUnitReportReporter -->
<testsuite skipped="0" hostname="DESKTOP-2TMQMFN" name="testcases.ExcuteTest" tests="6" failures="0" timestamp="01 Jan 2019 05:10:58 GMT" time="15.248" errors="0">
  <testcase name="verifyLinks" time="0.516" classname="testcases.ExcuteTest"/>
  <testcase name="launchFlightReservationApplication" time="4.151" classname="testcases.ExcuteTest"/>
  <testcase name="reserveAFlight" time="2.519" classname="testcases.ExcuteTest"/>
  <testcase name="verifyWebTable" time="1.038" classname="testcases.ExcuteTest"/>
  <testcase name="login" time="5.450" classname="testcases.ExcuteTest"/>
  <testcase name="bookATicket" time="1.574" classname="testcases.ExcuteTest"/>
</testsuite> <!-- testcases.ExcuteTest -->
