<?xml version="1.0" encoding="UTF-8"?>
<!-- Generated by org.testng.reporters.JUnitReportReporter -->
<testsuite skipped="0" hostname="DESKTOP-2TMQMFN" name="testcases.ExcuteTest" tests="6" failures="0" timestamp="31 Dec 2018 16:25:45 GMT" time="17.893" errors="0">
  <testcase name="verifyLinks" time="0.734" classname="testcases.ExcuteTest"/>
  <testcase name="launchFlightReservationApplication" time="4.633" classname="testcases.ExcuteTest"/>
  <testcase name="reserveAFlight" time="3.808" classname="testcases.ExcuteTest"/>
  <testcase name="verifyWebTable" time="0.886" classname="testcases.ExcuteTest"/>
  <testcase name="login" time="5.856" classname="testcases.ExcuteTest"/>
  <testcase name="bookATicket" time="1.976" classname="testcases.ExcuteTest"/>
</testsuite> <!-- testcases.ExcuteTest -->
